gid,st_asgeojson(transform(the_geom,4326)) as geojson_schools__jsong__jsongid,st_asgeojson(transform(the_geom,4326)) as geojson_nrnbc90roadseg__jsongid,st_asgeojson(transform(the_geom,4617)) as geojson_nrnbc90roadseg__jsongid,st_asgeojson(transform(the_geom,4617)) as geojson_nrnbc90roadseg__json
gid,st_asgeojson(transform(the_geom,4617)) as geojson_nrnbc90roadseg__json
gid,st_asgeojson(st_transform(the_geom,4617)) as geojson_nrnbc90roadseg__json
gid,st_asgeojson(st_transform(the_geom,4326)) as geojson_nrnbc90roadseg__json
gid,st_asgeojson(st_transform(the_geom,4617)) as geojson_nrnbc90roadseg__json
gid,st_asgeojson(st_transform(the_geom,4617)) as geojson_nrnbc90roadseg_limit=10_json
gid,st_asgeojson(st_transform(the_geom,4617)) as geojson_nrnbc90roadseg_limit=1000_json
gid,st_asgeojson(st_transform(the_geom,4617)) as geojson_nrnbc90roadseg__json
gid,st_asgeojson(st_transform(the_geom,4617)) as geojson_nrnbc90roadseg__json
gid_ilaladistrict__json
gid,st_asgeojson(st_transform(the_geom,4617)) as geojson_ilaladistrict__json
gid,st_asgeojson(st_transform(the_geom,4617)) as geojson_ilaladistrict__json
gid,st_asgeojson(st_transform(the_geom,4617)) as geojson_ilaladistrict__json
gid,st_asgeojson(st_transform(the_geom,4617)) as geojson_ilaladistrict__json
gid,st_asgeojson(st_transform(the_geom,4617)) as geojson_ilaladistrict__json
gid,st_asgeojson(st_transform(the_geom,4617)) as geojson_kinondonidistrict__json
gid,st_asgeojson(st_transform(the_geom,4617)) as geojson_ilaladistrict__json
gid,st_asgeojson(st_transform(the_geom,4617)) as geojson_temekedistrict__json
gid,st_asgeojson(st_transform(the_geom,4617)) as geojson_ilaladistrict__json
gid,st_asgeojson(st_transform(the_geom,4617)) as geojson_kinondonidistrict__json
gid,st_asgeojson(st_transform(the_geom,4617)) as geojson_temekedistrict__json
gid,st_asgeojson(st_transform(the_geom,4617)) as geojson_ilaladistrict__json
gid,st_asgeojson(st_transform(the_geom,4617)) as geojson_kinondonidistrict__json
gid,st_asgeojson(st_transform(the_geom,4617)) as geojson_temekedistrict__json
gid,st_asgeojson(st_transform(the_geom,4617)) as geojson_kinondonidistrict__json
gid,st_asgeojson(st_transform(the_geom,4617)) as geojson_ilaladistrict__json
gid,st_asgeojson(st_transform(the_geom,4617)) as geojson_temekedistrict__json
gid,st_asgeojson(st_transform(the_geom,4617)) as geojson_ilaladistrict__json
gid,st_asgeojson(st_transform(the_geom,4617)) as geojson_kinondonidistrict__json
gid,st_asgeojson(st_transform(the_geom,4617)) as geojson_temekedistrict__json
gid,st_asgeojson(st_transform(the_geom,4617)) as geojson_ilaladistrict__json
gid,st_asgeojson(st_transform(the_geom,4617)) as geojson_temekedistrict__json
gid,street,st_asgeojson(st_transform(the_geom,4617)) as geojson_kinondonidistrict__json
gid,st_asgeojson(st_transform(the_geom,4617)) as geojson_ilaladistrict__json
gid,street,st_asgeojson(st_transform(the_geom,4617)) as geojson_kinondonidistrict__json
gid,st_asgeojson(st_transform(the_geom,4617)) as geojson_temekedistrict__json
gid,st_asgeojson(st_transform(the_geom,4617)) as geojson_temekedistrict__json
gid,street,st_asgeojson(st_transform(the_geom,4617)) as geojson_kinondonidistrict__json
gid,st_asgeojson(st_transform(the_geom,4617)) as geojson_ilaladistrict__json
gid,st_asgeojson(st_transform(the_geom,4617)) as geojson_ilaladistrict__json
gid,street,st_asgeojson(st_transform(the_geom,4617)) as geojson_kinondonidistrict__json
gid,st_asgeojson(st_transform(the_geom,4617)) as geojson_temekedistrict__json
gid,st_asgeojson(st_transform(the_geom,4617)) as geojson_ilaladistrict__json
gid,st_asgeojson(st_transform(the_geom,4617)) as geojson_temekedistrict__json
gid,street,st_asgeojson(st_transform(the_geom,4617)) as geojson_kinondonidistrict__json
gid,st_asgeojson(st_transform(the_geom,4617)) as geojson_ilaladistrict__json
gid,street,st_asgeojson(st_transform(the_geom,4617)) as geojson_kinondonidistrict__json
gid,st_asgeojson(st_transform(the_geom,4617)) as geojson_temekedistrict__json
gid,st_asgeojson(st_transform(the_geom,4617)) as geojson_ilaladistrict__json
gid,street,st_asgeojson(st_transform(the_geom,4617)) as geojson_kinondonidistrict__json
gid,st_asgeojson(st_transform(the_geom,4617)) as geojson_temekedistrict__json
gid,st_asgeojson(st_transform(the_geom,4617)) as geojson_temekedistrict__json
gid,st_asgeojson(st_transform(the_geom,4617)) as geojson_ilaladistrict__json
gid,street,st_asgeojson(st_transform(the_geom,4617)) as geojson_kinondonidistrict__json
schlname_ilaladistrict__json
gid,st_asgeojson(st_transform(the_geom,4617)) as geojson_ilaladistrict__json
gid,street,st_asgeojson(st_transform(the_geom,4617)) as geojson_kinondonidistrict__json
gid,st_asgeojson(st_transform(the_geom,4617)) as geojson_temekedistrict__json
gid,street,st_asgeojson(st_transform(the_geom,4617)) as geojson_kinondonidistrict__json
gid,st_asgeojson(st_transform(the_geom,4617)) as geojson_ilaladistrict__json
gid,st_asgeojson(st_transform(the_geom,4617)) as geojson_temekedistrict__json
gid,st_asgeojson(st_transform(the_geom,4617)) as geojson_ilaladistrict__json
gid,street,st_asgeojson(st_transform(the_geom,4617)) as geojson_kinondonidistrict__json
gid,st_asgeojson(st_transform(the_geom,4617)) as geojson_temekedistrict__json
gid,st_asgeojson(st_transform(the_geom,4617)) as geojson_ilaladistrict__json
gid,street,st_asgeojson(st_transform(the_geom,4617)) as geojson_kinondonidistrict__json
gid,st_asgeojson(st_transform(the_geom,4617)) as geojson_temekedistrict__json
gid,st_asgeojson(st_transform(the_geom,4617)) as geojson_ilaladistrict__json
gid,st_asgeojson(st_transform(the_geom,4617)) as geojson_temekedistrict__json
gid,street,st_asgeojson(st_transform(the_geom,4617)) as geojson_kinondonidistrict__json
gid,st_asgeojson(st_transform(the_geom,4617)) as geojson_ilaladistrict__json
gid,street,st_asgeojson(st_transform(the_geom,4617)) as geojson_kinondonidistrict__json
gid,st_asgeojson(st_transform(the_geom,4617)) as geojson_temekedistrict__json
gid,st_asgeojson(st_transform(the_geom,4617)) as geojson_ilaladistrict__json
gid,street,st_asgeojson(st_transform(the_geom,4617)) as geojson_kinondonidistrict__json
gid,st_asgeojson(st_transform(the_geom,4617)) as geojson_temekedistrict__json
gid,st_asgeojson(st_transform(the_geom,4617)) as geojson_ilaladistrict__json
gid,st_asgeojson(st_transform(the_geom,4617)) as geojson_temekedistrict__json
gid,street,st_asgeojson(st_transform(the_geom,4617)) as geojson_kinondonidistrict__json
gid,st_asgeojson(st_transform(the_geom,4617)) as geojson_ilaladistrict__json
gid,st_asgeojson(st_transform(the_geom,4617)) as geojson_temekedistrict__json
gid,street,st_asgeojson(st_transform(the_geom,4617)) as geojson_kinondonidistrict__json
gid,st_asgeojson(st_transform(the_geom,4617)) as geojson_ilaladistrict__json
gid,street,st_asgeojson(st_transform(the_geom,4617)) as geojson_kinondonidistrict__json
gid,st_asgeojson(st_transform(the_geom,4617)) as geojson_temekedistrict__json
gid,st_asgeojson(st_transform(the_geom,4617)) as geojson_ilaladistrict__json
gid,street,st_asgeojson(st_transform(the_geom,4617)) as geojson_kinondonidistrict__json
gid,st_asgeojson(st_transform(the_geom,4617)) as geojson_temekedistrict__json
gid,st_asgeojson(st_transform(the_geom,4617)) as geojson_temekedistrict__json
gid,st_asgeojson(st_transform(the_geom,4617)) as geojson_ilaladistrict__json
gid,st_asgeojson(st_transform(the_geom,4617)) as geojson_temekedistrict__json
gid,street,st_asgeojson(st_transform(the_geom,4617)) as geojson_kinondonidistrict__json
gid,st_asgeojson(st_transform(the_geom,4617)) as geojson_temekedistrict__json
gid_ilaladistrict__json
gid_ilaladistrict__json
gid_ilaladistrict__json
gid_ilaladistrict__json
gid_ilaladistrict__json
gid_ilaladistrict__json
gid_ilaladistrict__json
gid_ilaladistrict__json
gid_ilaladistrict__json
gid_ilaladistrict__json
gid_ilaladistrict__json
gid_ilaladistrict__json
gid_ilaladistrict__json
gid,st_asgeojson(st_transform(the_geom,4617)) as geojson_daladalaroutes__json
gid,st_asgeojson(st_transform(the_geom,4617)) as geojson_daladalaroutes__json
gid_daladalaroutes__json
gid_daladalaroutes__json
gid,st_asgeojson(st_transform(the_geom,4617)) as geojson_daladalaroutes__json
gid_daladalaroutes__json
gid,st_asgeojson(st_transform(the_geom,4617)) as geojson_daladalaroutes__json
gid,st_asgeojson(st_transform(the_geom,4617)) as geojson_daladalaroutes__json
gid,st_asgeojson(st_transform(the_geom,4617)) as geojson_daladalaroutes__json
gid,st_asgeojson(st_transform(the_geom,4629)) as geojson_daladalaroutes__json
gid,st_asgeojson(st_transform(the_geom,4629)) as geojson_daladalaroutes__json
gid,st_asgeojson(st_transform(the_geom,4629)) as geojson_daladalaroutes__json
gid,st_asgeojson(st_transform(the_geom,4629)) as geojson_daladalaroutes__json
gid,st_asgeojson(st_transform(the_geom,4629)) as geojson_daladalaroutes__json
gid,st_asgeojson(st_transform(the_geom,4629)) as geojson_daladalaroutes__json
gid,st_asgeojson(st_transform(the_geom,4629)) as geojson_daladalaroutes__json
gid,st_asgeojson(st_transform(the_geom,4629)) as geojson_daladalaroutes__json
gid,st_asgeojson(st_transform(the_geom,4629)) as geojson_daladalaroutes__json
gid,st_asgeojson(st_transform(the_geom,4629)) as geojson_daladalaroutes__json
gid_daladalaroutes__json
gid,st_asgeojson(st_transform(the_geom,4629)) as geojson_daladalaroutes__json
gid,st_asgeojson(st_transform(the_geom,4629)) as geojson_kinondonidistrict__json
gid,st_asgeojson(st_transform(the_geom,4629)) as geojson_daladalaroutes__json
gid,st_asgeojson(st_transform(the_geom,4617)) as geojson_daladalaroutes__json
gid_nrnbc90roadseg__json
gid_daladalaroutes__json
gid_daladalaroutes__json
gid_daladalaroutes__json
gid_daladalaroutes__json
gid_daladalaroutes__json
gid_daladalaroutes__json
gid_daladalaroutes__json
gid_daladalaroutes__json
gid_daladalaroutes__json
gid_daladalaroutes__json
gid_nrnbc90roadseg__json
gid_nrnbc90roadseg__json
gid_nrnbc90roadseg__json
gid,st_asgeojson(st_transform(the_geom,4617)) as geojson_nrnbc90roadseg__json
gid_nrnbc90roadseg %orderby gid asc limit=100__json
gid_nrnbc90roadseg %orderby gid asc limit=1000__json
gid_nrnbc90roadseg %order by gid asc limit=1000__json
gid_nrnbc90roadseg %order by gid asc limit=1000__json
gid_nrnbc90roadseg limit=1000__json
gid_nrnbc90roadseg__json
gid_nrnbc90roadseg__json
gid_nrnbc90roadseg__json
gid_nrnbc90roadseg__json
gid_nrnbc90roadseg__json
gid_nrnbc90roadseg__json
gid_nrnbc90roadseg__json
gid,st_asgeojson(st_transform(the_geom,4617)) as geojson_nrnbc90roadseg__json
gid_nrnbc90roadseg__json
gid_nrnbc90roadseg__json
gid_nrnbc90roadseg__json
gid_nrnbc90roadseg__json
gid_nrnbc90roadseg__json
gid_nrnbc90roadseg__json
gid,st_asgeojson(st_transform(the_geom,4617)) as geojson_temekedistrict__json
gid,st_asgeojson(st_transform(the_geom,4617)) as geojson_temekedistrict__json
gid,st_asgeojson(st_transform(the_geom,4617)) as geojson_temekedistrict__json
gid,st_asgeojson(st_transform(the_geom,4617)) as geojson_temekedistrict__json
gid,st_asgeojson(st_transform(the_geom,4617)) as geojson_temekedistrict__json
gid,st_asgeojson(st_transform(the_geom,4617)) as geojson_temekedistrict__json
gid,st_asgeojson(st_transform(the_geom,4617)) as geojson_temekedistrict__json
gid_ilaladistrict__json
gid,st_asgeojson(st_transform(the_geom,4617)) as geojson_ilaladistrict__json
gid,st_asgeojson(st_transform(the_geom,4617)) as geojson_ilaladistrict__json
gid,st_asgeojson(st_transform(the_geom,4617)) as geojson_kinondonidistrict__json
gid,st_asgeojson(st_transform(the_geom,4617)) as geojson_nrnbc90roadseg__json
gid,st_asgeojson(st_transform(the_geom,4617)) as geojson_nrnbc90roadseg__json
gid,st_asgeojson(st_transform(the_geom,4617)) as geojson_nrnbc90roadseg__json
gid,st_asgeojson(st_transform(the_geom,4617)) as geojson_nrnbc90roadseg__json
gid,st_asgeojson(st_transform(the_geom,4617)) as geojson_nrnbc90roadseg__json
gid,st_asgeojson(st_transform(the_geom,4617)) as geojson_nrnbc90roadseg__json
gid,st_asgeojson(st_transform(the_geom,4617)) as geojson_nrnbc90roadseg__json
gid,st_asgeojson(st_transform(the_geom,4617)) as geojson_temekedistrict__json
gid,st_asgeojson(st_transform(the_geom,4617)) as geojson_nrnbc90roadseg__json
gid,st_asgeojson(st_transform(the_geom,4617)) as geojson_nrnbc90roadseg__json
gid,st_asgeojson(st_transform(the_geom,4617)) as geojson_temekedistrict__json
gid_nrnbc90roadseg__json
gid_nrnbc90roadseg__json
gid_nrnbc90roadseg__json
gid,source,target,st_asgeojson(st_transform(the_geom,4617)) as geojson_nrnbc90roadseg__json
gid,source,target,st_asgeojson(st_transform(the_geom,4617)) as geojson_nrnbc90roadseg__json
gid,source,target,st_asgeojson(st_transform(the_geom,4617)) as geojson_nrnbc90roadseg__json
gid,source,target,st_asgeojson(st_transform(the_geom,4617)) as geojson_nrnbc90roadseg__json
gid,source,target,st_asgeojson(st_transform(the_geom,4617)) as geojson_nrnbc90roadseg__json
gid,st_asgeojson(st_transform(the_geom,4617)) as geojson_temekedistrict__json
gid,st_asgeojson(st_transform(the_geom,4617)) as geojson_temekedistrict__json
gid_nrnbc90roadseg__json
gid_nrnbc90roadseg__json
gid,source,target,st_asgeojson(st_transform(the_geom,4617)) as geojson_nrnbc90roadseg__json
gid,st_asgeojson(st_transform(the_geom,4617)) as geojson_temekedistrict__json
gid,st_asgeojson(st_transform(the_geom,4617)) as geojson_temekedistrict__json
gid,source,target,st_asgeojson(st_transform(the_geom,4617)) as geojson_nrnbc90roadseg__json
gid,st_asgeojson(st_transform(the_geom,4617)) as geojson_nrnbc90roadseg__json
gid,st_asgeojson(st_transform(the_geom,4617)) as geojson_nrnbc90roadseg__json
gid,st_asgeojson(st_transform(the_geom,4617)) as geojson_nrnbc90roadseg__json
gid,st_asgeojson(st_transform(the_geom,4617)) as geojson_nrnbc90roadseg__json
gid,source,target,st_asgeojson(st_transform(the_geom,4617)) as geojson_nrnbc90roadseg__json
gid,st_asgeojson(st_transform(the_geom,4617)) as geojson_nrnbc90roadseg__json
gid,st_asgeojson(st_transform(the_geom,4617)) as geojson_nrnbc90roadseg__json
gid,st_asgeojson(st_transform(the_geom,4617)) as geojson_nrnbc90roadseg__json
gid,st_asgeojson(st_transform(the_geom,4617)) as geojson_nrnbc90roadseg__json
gid,source,target,st_asgeojson(st_transform(the_geom,4617)) as geojson_nrnbc90roadseg__json
gid,source,target,st_asgeojson(st_transform(the_geom,4617)) as geojson_nrnbc90roadseg__json
gid,st_asgeojson(st_transform(the_geom,4617)) as geojson_nrnbc90roadseg__json
gid,st_asgeojson(st_transform(the_geom,4617)) as geojson_nrnbc90roadseg__json
gid,st_asgeojson(st_transform(the_geom,4617)) as geojson_nrnbc90roadseg__json
gid,st_asgeojson(st_transform(the_geom,4617)) as geojson_nrnbc90roadseg__json
gid,source,target,st_asgeojson(st_transform(the_geom,4617)) as geojson_nrnbc90roadseg__json
gid,st_asgeojson(st_transform(the_geom,4617)) as geojson_nrnbc90roadseg__json
gid,st_asgeojson(st_transform(the_geom,4617)) as geojson_nrnbc90roadseg__json
gid,st_asgeojson(st_transform(the_geom,4617)) as geojson_nrnbc90roadseg__json
gid,st_asgeojson(st_transform(the_geom,4617)) as geojson_nrnbc90roadseg__json
gid,source,target,st_asgeojson(st_transform(the_geom,4617)) as geojson_nrnbc90roadseg__json
gid,st_asgeojson(st_transform(the_geom,4617)) as geojson_nrnbc90roadseg__json
gid,st_asgeojson(st_transform(the_geom,4617)) as geojson_nrnbc90roadseg__json
gid,st_asgeojson(st_transform(the_geom,4617)) as geojson_nrnbc90roadseg__json
gid,source,target,st_asgeojson(st_transform(the_geom,4617)) as geojson_nrnbc90roadseg__json
gid,source,target,st_asgeojson(st_transform(the_geom,4617)) as geojson_nrnbc90roadseg__json
gid,st_asgeojson(st_transform(the_geom,4617)) as geojson_nrnbc90roadseg__json
gid,st_asgeojson(st_transform(the_geom,4617)) as geojson_nrnbc90roadseg__json
gid,source,target,st_asgeojson(st_transform(the_geom,4617)) as geojson_nrnbc90roadseg__json
gid,st_asgeojson(st_transform(the_geom,4617)) as geojson_nrnbc90roadseg__json
gid,source,target,st_asgeojson(st_transform(the_geom,4617)) as geojson_nrnbc90roadseg__json
gid,st_asgeojson(st_transform(the_geom,4617)) as geojson_nrnbc90roadseg__json
gid,source,target,st_asgeojson(st_transform(the_geom,4617)) as geojson_nrnbc90roadseg__json
gid,st_asgeojson(st_transform(the_geom,4617)) as geojson_nrnbc90roadseg__json
gid,source,target,st_asgeojson(st_transform(the_geom,4617)) as geojson_nrnbc90roadseg__json
gid,st_asgeojson(st_transform(the_geom,4617)) as geojson_nrnbc90roadseg__json
gid,st_asgeojson(st_transform(the_geom,4617)) as geojson_nrnbc90roadseg__json
gid,st_asgeojson(st_transform(the_geom,4617)) as geojson_nrnbc90roadseg__json
gid,st_asgeojson(st_transform(the_geom,4617)) as geojson_nrnbc90roadseg__json
gid,source,target,st_asgeojson(st_transform(the_geom,4617)) as geojson_nrnbc90roadseg__json
gid,st_asgeojson(st_transform(the_geom,4617)) as geojson_nrnbc90roadseg__json
gid,st_asgeojson(st_transform(the_geom,4617)) as geojson_nrnbc90roadseg__json
gid,st_asgeojson(st_transform(the_geom,4617)) as geojson_nrnbc90roadseg__json
gid,st_asgeojson(st_transform(the_geom,4617)) as geojson_nrnbc90roadseg__json
gid,st_asgeojson(st_transform(the_geom,4617)) as geojson_nrnbc90roadseg__json
gid,st_asgeojson(st_transform(the_geom,4617)) as geojson_nrnbc90roadseg__json
gid,st_asgeojson(st_transform(the_geom,4617)) as geojson_nrnbc90roadseg__json
gid,st_asgeojson(st_transform(the_geom,4617)) as geojson_nrnbc90roadseg__json
gid,source,target,st_asgeojson(st_transform(the_geom,4617)) as geojson_nrnbc90roadseg__json
gid,st_asgeojson(st_transform(the_geom,4617)) as geojson_nrnbc90roadseg__json
gid,st_asgeojson(st_transform(the_geom,4617)) as geojson_nrnbc90roadseg__json
gid,st_asgeojson(st_transform(the_geom,4617)) as geojson_nrnbc90roadseg__json
gid,st_asgeojson(st_transform(the_geom,4617)) as geojson_nrnbc90roadseg__json
gid,source,target,st_asgeojson(st_transform(the_geom,4617)) as geojson_nrnbc90roadseg__json
gid,source,target,st_asgeojson(st_transform(the_geom,4617)) as geojson_nrnbc90roadseg__json
gid,st_asgeojson(st_transform(the_geom,4617)) as geojson_nrnbc90roadseg__json
gid,st_asgeojson(st_transform(the_geom,4617)) as geojson_nrnbc90roadseg__json
gid,st_asgeojson(st_transform(the_geom,4617)) as geojson_nrnbc90roadseg__json
gid,st_asgeojson(st_transform(the_geom,4617)) as geojson_nrnbc90roadseg__json
gid,source,target,st_asgeojson(st_transform(the_geom,4617)) as geojson_nrnbc90roadseg__json
gid,st_asgeojson(st_transform(the_geom,4617)) as geojson_nrnbc90roadseg__json
gid,st_asgeojson(st_transform(the_geom,4617)) as geojson_nrnbc90roadseg__json
gid,source,target,st_asgeojson(st_transform(the_geom,4617)) as geojson_nrnbc90roadseg__json
gid,st_asgeojson(st_transform(the_geom,4617)) as geojson_nrnbc90roadseg__json
gid,source,target,st_asgeojson(st_transform(the_geom,4617)) as geojson_nrnbc90roadseg__json
gid,st_asgeojson(st_transform(the_geom,4617)) as geojson_nrnbc90roadseg__json
gid,source,target,st_asgeojson(st_transform(the_geom,4617)) as geojson_nrnbc90roadseg__json
gid,st_asgeojson(st_transform(the_geom,4617)) as geojson_nrnbc90roadseg__json
gid,source,target,st_asgeojson(st_transform(the_geom,4617)) as geojson_nrnbc90roadseg__json
gid,source,target,st_asgeojson(st_transform(the_geom,4617)) as geojson_nrnbc90roadseg__json
gid,st_asgeojson(st_transform(the_geom,4617)) as geojson_nrnbc90roadseg__json
gid,st_asgeojson(st_transform(the_geom,4617)) as geojson_nrnbc90roadseg__json
gid,st_asgeojson(st_transform(the_geom,4617)) as geojson_nrnbc90roadseg__json
gid,source,target,st_asgeojson(st_transform(the_geom,4617)) as geojson_nrnbc90roadseg__json
gid,st_asgeojson(st_transform(the_geom,4617)) as geojson_nrnbc90roadseg__json
gid,source,target,st_asgeojson(st_transform(the_geom,4617)) as geojson_nrnbc90roadseg__json
gid,st_asgeojson(st_transform(the_geom,4617)) as geojson_nrnbc90roadseg__json
gid,st_asgeojson(st_transform(the_geom,4617)) as geojson_nrnbc90roadseg__json
gid,source,target,st_asgeojson(st_transform(the_geom,4617)) as geojson_nrnbc90roadseg__json
gid,st_asgeojson(st_transform(the_geom,4617)) as geojson_nrnbc90roadseg__json
gid,st_asgeojson(st_transform(the_geom,4617)) as geojson_nrnbc90roadseg__json
